[debug] [2025-08-25T12:29:26.993Z] ----------------------------------------------------------------------
[debug] [2025-08-25T12:29:26.996Z] Command:       C:\Program Files\nodejs\node.exe C:\Users\amjad\AppData\Roaming\npm\node_modules\firebase-tools\lib\bin\firebase.js init emulators
[debug] [2025-08-25T12:29:26.996Z] CLI Version:   14.14.0
[debug] [2025-08-25T12:29:26.996Z] Platform:      win32
[debug] [2025-08-25T12:29:26.996Z] Node Version:  v22.18.0
[debug] [2025-08-25T12:29:26.997Z] Time:          Mon Aug 25 2025 15:29:26 GMT+0300 (Arabian Standard Time)
[debug] [2025-08-25T12:29:26.997Z] ----------------------------------------------------------------------
[debug] 
[debug] [2025-08-25T12:29:27.000Z] >>> [apiv2][query] GET https://firebase-public.firebaseio.com/cli.json [none]
[debug] [2025-08-25T12:29:27.067Z] > command requires scopes: ["email","openid","https://www.googleapis.com/auth/cloudplatformprojects.readonly","https://www.googleapis.com/auth/firebase","https://www.googleapis.com/auth/cloud-platform"]
[debug] [2025-08-25T12:29:27.068Z] > authorizing via signed-in user (mhd.pal99@gmail.com)
[info] 
     ######## #### ########  ######## ########     ###     ######  ########
     ##        ##  ##     ## ##       ##     ##  ##   ##  ##       ##
     ######    ##  ########  ######   ########  #########  ######  ######
     ##        ##  ##    ##  ##       ##     ## ##     ##       ## ##
     ##       #### ##     ## ######## ########  ##     ##  ######  ########

You're about to initialize a Firebase project in this directory:

  C:\Users\amjad\OneDrive\Desktop\5th-year-final-project\Halak-Back

[debug] [2025-08-25T12:29:27.379Z] *** [apiv2] error from fetch(https://firebase-public.firebaseio.com/cli.json, {"headers":{},"method":"GET"}): FetchError: request to https://firebase-public.firebaseio.com/cli.json failed, reason: Client network socket disconnected before secure TLS connection was established
[warn] !  Unable to fetch the CLI MOTD and remote config. This is not a fatal error, but may indicate an issue with your network connection. 
[debug] [2025-08-25T12:29:27.380Z] Failed to fetch MOTD FirebaseError: Failed to make request to https://firebase-public.firebaseio.com/cli.json
[info] 
=== Project Setup
[info] 
[info] First, let's associate this project directory with a Firebase project.
[info] You can create multiple project aliases by running firebase use --add, 
[info] but for now we'll just set up a default project.
[info] 
[debug] [2025-08-25T12:29:31.987Z] Checked if tokens are valid: true, expires at: 1756128556265
[debug] [2025-08-25T12:29:31.988Z] Checked if tokens are valid: true, expires at: 1756128556265
[debug] [2025-08-25T12:29:31.988Z] >>> [apiv2][query] GET https://firebase.googleapis.com/v1beta1/projects pageSize=100
[debug] [2025-08-25T12:29:32.727Z] <<< [apiv2][status] GET https://firebase.googleapis.com/v1beta1/projects 403
[debug] [2025-08-25T12:29:32.727Z] <<< [apiv2][body] GET https://firebase.googleapis.com/v1beta1/projects [omitted]
[debug] [2025-08-25T12:29:32.727Z] Unable to parse JSON: SyntaxError: Unexpected token '<', "<!DOCTYPE "... is not valid JSON
[debug] [2025-08-25T12:29:33.115Z] FirebaseError: Unable to parse JSON: SyntaxError: Unexpected token '<', "<!DOCTYPE "... is not valid JSON
    at RetryOperation._fn (C:\Users\amjad\AppData\Roaming\npm\node_modules\firebase-tools\lib\apiv2.js:279:39)
    at process.processTicksAndRejections (node:internal/process/task_queues:105:5)
[error] 
[error] Error: Failed to list Firebase projects. See firebase-debug.log for more info.
